  Task04.cpp
E:\Лаба ОАиП 7 2021\Laba 7\MyString\MyString.cpp(30,27): warning C4018: <: несоответствие типов со знаком и без знака
E:\Лаба ОАиП 7 2021\Laba 7\MyString\MyString.cpp(63,27): warning C4018: <: несоответствие типов со знаком и без знака
E:\Лаба ОАиП 7 2021\Laba 7\MyString\MyString.cpp(78,27): warning C4018: <: несоответствие типов со знаком и без знака
E:\Лаба ОАиП 7 2021\Laba 7\MyString\MyString.cpp(123,36): warning C4018: >: несоответствие типов со знаком и без знака
E:\Лаба ОАиП 7 2021\Laba 7\MyString\MyString.cpp(175,23): warning C4018: <: несоответствие типов со знаком и без знака
E:\Лаба ОАиП 7 2021\Laba 7\MyString\MyString.cpp(192,28): warning C4018: <: несоответствие типов со знаком и без знака
E:\Лаба ОАиП 7 2021\Laba 7\MyString\MyString.cpp(201,23): warning C4018: <: несоответствие типов со знаком и без знака
E:\Лаба ОАиП 7 2021\Laba 7\Task04\Task04.cpp(53,25): warning C4018: <: несоответствие типов со знаком и без знака
E:\Лаба ОАиП 7 2021\Laba 7\Task04\Task04.cpp(54,25): warning C4018: >: несоответствие типов со знаком и без знака
E:\Лаба ОАиП 7 2021\Laba 7\Task04\Task04.cpp(64,25): warning C4018: >: несоответствие типов со знаком и без знака
E:\Лаба ОАиП 7 2021\Laba 7\Task04\Task04.cpp(65,25): warning C4018: <: несоответствие типов со знаком и без знака
E:\Лаба ОАиП 7 2021\Laba 7\Task04\Task04.cpp(74,23): warning C4018: <: несоответствие типов со знаком и без знака
E:\Лаба ОАиП 7 2021\Laba 7\Task04\Task04.cpp(89,23): warning C4018: <: несоответствие типов со знаком и без знака
E:\Лаба ОАиП 7 2021\Laba 7\Task04\Task04.cpp(116,23): warning C4018: <: несоответствие типов со знаком и без знака
E:\Лаба ОАиП 7 2021\Laba 7\Task04\Task04.cpp(80): warning C4715: is_less: значение возвращается не при всех путях выполнения
E:\Лаба ОАиП 7 2021\Laba 7\Task04\Task04.cpp(180): warning C4715: add: значение возвращается не при всех путях выполнения
E:\Лаба ОАиП 7 2021\Laba 7\Task04\Task04.cpp(213): warning C4715: dif: значение возвращается не при всех путях выполнения
  LINK : не найден или не выполнена сборка E:\Лаба ОАиП 7 2021\Laba 7\Debug\Task04.exe при последней инкрементной компоновке; выполняется полная компоновка
  Task04.vcxproj -> E:\Лаба ОАиП 7 2021\Laba 7\Debug\Task04.exe
